<?xml version="1.0" encoding="UTF-8"?>
<!-- Generated by org.testng.reporters.JUnitReportReporter -->
<testsuite skipped="0" hostname="c4b301c8ccbf.ant.amazon.com" name="com.amazon.qa.tests.hallmarkapp.HallmarkAppTest" tests="2" failures="0" timestamp="13 Feb 2018 01:58:39 GMT" time="278.647" errors="0">
  <testcase name="verifyHallmarkAppAutoSignedIn" time="174.663" classname="com.amazon.qa.tests.hallmarkapp.HallmarkAppTest"/>
  <testcase name="verifyHallmarkAppAutoSignedOut" time="103.984" classname="com.amazon.qa.tests.hallmarkapp.HallmarkAppTest"/>
</testsuite> <!-- com.amazon.qa.tests.hallmarkapp.HallmarkAppTest -->
