<?xml version="1.0" encoding="UTF-8"?>
<!-- Generated by org.testng.reporters.JUnitReportReporter -->
<testsuite skipped="0" hostname="c4b301c8ccbf.ant.amazon.com" name="com.amazon.qa.tests.cookingchannelapp.CookingChannelAppTest" tests="1" failures="0" timestamp="03 Mar 2018 01:03:03 GMT" time="189.667" errors="0">
  <testcase name="verifyCookingChannelAppSignedIn" time="189.667" classname="com.amazon.qa.tests.cookingchannelapp.CookingChannelAppTest"/>
</testsuite> <!-- com.amazon.qa.tests.cookingchannelapp.CookingChannelAppTest -->
