<?xml version="1.0" encoding="UTF-8"?>
<!-- Generated by org.testng.reporters.JUnitReportReporter -->
<testsuite skipped="0" hostname="c4b301c8ccbf.ant.amazon.com" name="com.amazon.qa.tests.historyapp.HistoryAppTest" tests="2" failures="0" timestamp="13 Feb 2018 01:58:39 GMT" time="304.488" errors="0">
  <testcase name="verifyHistoryAppAutoSignOut" time="114.735" classname="com.amazon.qa.tests.historyapp.HistoryAppTest"/>
  <testcase name="verifyHistoryAppAutoSignedIn" time="189.753" classname="com.amazon.qa.tests.historyapp.HistoryAppTest"/>
</testsuite> <!-- com.amazon.qa.tests.historyapp.HistoryAppTest -->
