<?xml version="1.0" encoding="UTF-8"?>
<!-- Generated by org.testng.reporters.JUnitReportReporter -->
<testsuite skipped="0" hostname="c4b301c8ccbf.ant.amazon.com" name="com.amazon.qa.tests.syfyapp.SyfyAppTest" tests="1" failures="0" timestamp="03 Mar 2018 01:03:03 GMT" time="176.861" errors="0">
  <testcase name="verifySyFyAppAutoSignedIn_withDownloading" time="176.861" classname="com.amazon.qa.tests.syfyapp.SyfyAppTest"/>
</testsuite> <!-- com.amazon.qa.tests.syfyapp.SyfyAppTest -->
